<?xml version="1.0" encoding="UTF-8"?>
<testsuite xmlns:xsi="http://www.w3.org/2001/XMLSchema-instance" xsi:noNamespaceSchemaLocation="https://maven.apache.org/surefire/maven-surefire-plugin/xsd/surefire-test-report-3.0.xsd" version="3.0" name="Login functionality for Zendesk Frontend" time="26.844" tests="1" errors="0" skipped="0" failures="0">
  <properties>
[...]
</properties>
  <testcase name="Login to soc UI with SOC credentials" classname="Login functionality for Zendesk Frontend" time="26.844">
    <system-out><![CDATA[┌───────────────────────────────────────────────────────────────────────────────────┐
│ Share your Cucumber Report with your team at https://reports.cucumber.io          │
│ Activate publishing with one of the following:                                    │
│                                                                                   │
│ src/test/resources/cucumber.properties:          cucumber.publish.enabled=true    │
│ src/test/resources/junit-platform.properties:    cucumber.publish.enabled=true    │
│ Environment variable:                            CUCUMBER_PUBLISH_ENABLED=true    │
│ JUnit:                                           @CucumberOptions(publish = true) │
│                                                                                   │
│ More information at https://cucumber.io/docs/cucumber/environment-variables/      │
│                                                                                   │
│ Disable this message with one of the following:                                   │
│                                                                                   │
│ src/test/resources/cucumber.properties:          cucumber.publish.quiet=true      │
│ src/test/resources/junit-platform.properties:    cucumber.publish.quiet=true      │
└───────────────────────────────────────────────────────────────────────────────────┘


@atest @positive @sanity
Scenario: Login to soc UI with SOC credentials     # src/test/resources/feature/ZendeskLogin.feature:5
 
Current Operating System: WINDOWS 11
Current Architecture: AMD64
Current Application Environment: dev
Browser Selected: firefox
Headless Mode: false
Connected to Selenium Grid: false
 
Cookies deleted
Dimensions of viewport is  (1550, 830)
Leaving getWebDriver and driver is currently null? FirefoxDriver: firefox on windows (6e4e77fe-2db2-4351-896c-cc0f1d1f509d)
Running internal login steps
No warning
  Given user logged in SocUI with "IM" credentials # com.soc.steps.LoginPageSteps.userLoggedInSocUIWithCredentials(java.lang.String)
scenario is fails: false
scenario status: PASSED
In teardown, just closed driver for scenario Login to soc UI with SOC credentials
]]></system-out>
    <system-err><![CDATA[Jun 04, 2024 7:15:20 PM org.openqa.selenium.remote.service.DriverService$Builder getLogOutput
INFO: Driver logs no longer sent to console by default; https://www.selenium.dev/documentation/webdriver/drivers/service/#setting-log-output
]]></system-err>
  </testcase>
</testsuite>